<?xml version="1.0" encoding="UTF-8"?>
<!-- Generated by org.testng.reporters.JUnitReportReporter -->
<testsuite skipped="0" hostname="asda0101" name="com.qait.automation.hris.NewTest" tests="3" failures="0" timestamp="10 Jul 2018 06:14:16 GMT" time="9.119" errors="0">
  <testcase name="attempt_Login_With_Incorrect_Password_Should_Render_Error_Message" time="1.554" classname="com.qait.automation.hris.NewTest"/>
  <testcase name="attempt_Login_With_No_Password_Should_Annotate_Black_Password_Field" time="0.315" classname="com.qait.automation.hris.NewTest"/>
  <testcase name="issuccessfullogin" time="7.250" classname="com.qait.automation.hris.NewTest"/>
</testsuite> <!-- com.qait.automation.hris.NewTest -->
